<?xml version="1.0" encoding="UTF-8"?>
<!-- Generated by org.testng.reporters.JUnitReportReporter -->
<testsuite hostname="DESKTOP-PVQGPH7" failures="0" tests="1" name="TestPage.LoginTestPage" time="6.601" errors="0" timestamp="2022-10-28T20:46:13 IST" skipped="0">
  <testcase classname="TestPage.LoginTestPage" name="SwagLabLoginTest" time="6.601"/>
  <system-out/>
</testsuite> <!-- TestPage.LoginTestPage -->
